2016-05-26 20:28:08,319 - Log4JLogChute initialized using file 'velocity.log'
2016-05-26 20:28:08,319 - Initializing Velocity, Calling init()...
2016-05-26 20:28:08,319 - Starting Apache Velocity v1.7 (compiled: 2010-11-19 12:14:37)
2016-05-26 20:28:08,319 - Default Properties File: org/apache/velocity/runtime/defaults/velocity.properties
2016-05-26 20:28:08,319 - Trying to use logger class org.apache.velocity.runtime.log.AvalonLogChute
2016-05-26 20:28:08,319 - Target log system for org.apache.velocity.runtime.log.AvalonLogChute is not available (java.lang.NoClassDefFoundError: org/apache/log/format/Formatter).  Falling back to next log system...
2016-05-26 20:28:08,319 - Trying to use logger class org.apache.velocity.runtime.log.Log4JLogChute
2016-05-26 20:28:08,319 - Using logger class org.apache.velocity.runtime.log.Log4JLogChute
2016-05-26 20:28:08,327 - ResourceLoader instantiated: org.apache.velocity.runtime.resource.loader.StringResourceLoader
2016-05-26 20:28:08,329 - Creating string repository using class org.apache.velocity.runtime.resource.util.StringResourceRepositoryImpl...
2016-05-26 20:28:08,329 - Default repository encoding is UTF-8
2016-05-26 20:28:08,350 - ResourceCache: initialized (class org.apache.velocity.runtime.resource.ResourceCacheImpl) with class java.util.Collections$SynchronizedMap cache map.
2016-05-26 20:28:08,359 - Loaded System Directive: org.apache.velocity.runtime.directive.Stop
2016-05-26 20:28:08,361 - Loaded System Directive: org.apache.velocity.runtime.directive.Define
2016-05-26 20:28:08,362 - Loaded System Directive: org.apache.velocity.runtime.directive.Break
2016-05-26 20:28:08,365 - Loaded System Directive: org.apache.velocity.runtime.directive.Evaluate
2016-05-26 20:28:08,366 - Loaded System Directive: org.apache.velocity.runtime.directive.Literal
2016-05-26 20:28:08,367 - Loaded System Directive: org.apache.velocity.runtime.directive.Macro
2016-05-26 20:28:08,370 - Loaded System Directive: org.apache.velocity.runtime.directive.Parse
2016-05-26 20:28:08,374 - Loaded System Directive: org.apache.velocity.runtime.directive.Include
2016-05-26 20:28:08,376 - Loaded System Directive: org.apache.velocity.runtime.directive.Foreach
2016-05-26 20:28:08,421 - Created '20' parsers.
2016-05-26 20:28:08,428 - Velocimacro : "velocimacro.library" is not set.  Trying default library: VM_global_library.vm
2016-05-26 20:28:08,428 - Velocimacro : Default library not found.
2016-05-26 20:28:08,428 - Velocimacro : allowInline = true : VMs can be defined inline in templates
2016-05-26 20:28:08,428 - Velocimacro : allowInlineToOverride = false : VMs defined inline may NOT replace previous VM definitions
2016-05-26 20:28:08,428 - Velocimacro : allowInlineLocal = false : VMs defined inline will be global in scope if allowed.
2016-05-26 20:28:08,428 - Velocimacro : autoload off : VM system will not automatically reload global library macros
2016-05-26 20:28:08,441 - Log4JLogChute initialized using file 'velocity.log'
2016-05-26 20:28:08,441 - Log4JLogChute initialized using file 'velocity.log'
2016-05-26 20:28:08,442 - Initializing Velocity, Calling init()...
2016-05-26 20:28:08,442 - Initializing Velocity, Calling init()...
2016-05-26 20:28:08,442 - Starting Apache Velocity v1.7 (compiled: 2010-11-19 12:14:37)
2016-05-26 20:28:08,442 - Starting Apache Velocity v1.7 (compiled: 2010-11-19 12:14:37)
2016-05-26 20:28:08,442 - Default Properties File: org/apache/velocity/runtime/defaults/velocity.properties
2016-05-26 20:28:08,442 - Default Properties File: org/apache/velocity/runtime/defaults/velocity.properties
2016-05-26 20:28:08,442 - Trying to use logger class org.apache.velocity.runtime.log.AvalonLogChute
2016-05-26 20:28:08,442 - Trying to use logger class org.apache.velocity.runtime.log.AvalonLogChute
2016-05-26 20:28:08,442 - Target log system for org.apache.velocity.runtime.log.AvalonLogChute is not available (java.lang.NoClassDefFoundError: org/apache/log/format/Formatter).  Falling back to next log system...
2016-05-26 20:28:08,442 - Target log system for org.apache.velocity.runtime.log.AvalonLogChute is not available (java.lang.NoClassDefFoundError: org/apache/log/format/Formatter).  Falling back to next log system...
2016-05-26 20:28:08,442 - Trying to use logger class org.apache.velocity.runtime.log.Log4JLogChute
2016-05-26 20:28:08,442 - Trying to use logger class org.apache.velocity.runtime.log.Log4JLogChute
2016-05-26 20:28:08,442 - Using logger class org.apache.velocity.runtime.log.Log4JLogChute
2016-05-26 20:28:08,442 - Using logger class org.apache.velocity.runtime.log.Log4JLogChute
2016-05-26 20:28:08,442 - ResourceLoader instantiated: org.apache.velocity.runtime.resource.loader.StringResourceLoader
2016-05-26 20:28:08,442 - ResourceLoader instantiated: org.apache.velocity.runtime.resource.loader.StringResourceLoader
2016-05-26 20:28:08,442 - Loaded repository 'org.apache.velocity.runtime.resource.util.StringResourceRepository' from static repo store
2016-05-26 20:28:08,442 - Loaded repository 'org.apache.velocity.runtime.resource.util.StringResourceRepository' from static repo store
2016-05-26 20:28:08,442 - ResourceCache: initialized (class org.apache.velocity.runtime.resource.ResourceCacheImpl) with class java.util.Collections$SynchronizedMap cache map.
2016-05-26 20:28:08,442 - ResourceCache: initialized (class org.apache.velocity.runtime.resource.ResourceCacheImpl) with class java.util.Collections$SynchronizedMap cache map.
2016-05-26 20:28:08,443 - Loaded System Directive: org.apache.velocity.runtime.directive.Stop
2016-05-26 20:28:08,443 - Loaded System Directive: org.apache.velocity.runtime.directive.Stop
2016-05-26 20:28:08,443 - Loaded System Directive: org.apache.velocity.runtime.directive.Define
2016-05-26 20:28:08,443 - Loaded System Directive: org.apache.velocity.runtime.directive.Define
2016-05-26 20:28:08,443 - Loaded System Directive: org.apache.velocity.runtime.directive.Break
2016-05-26 20:28:08,443 - Loaded System Directive: org.apache.velocity.runtime.directive.Break
2016-05-26 20:28:08,443 - Loaded System Directive: org.apache.velocity.runtime.directive.Evaluate
2016-05-26 20:28:08,443 - Loaded System Directive: org.apache.velocity.runtime.directive.Evaluate
2016-05-26 20:28:08,443 - Loaded System Directive: org.apache.velocity.runtime.directive.Literal
2016-05-26 20:28:08,443 - Loaded System Directive: org.apache.velocity.runtime.directive.Literal
2016-05-26 20:28:08,444 - Loaded System Directive: org.apache.velocity.runtime.directive.Macro
2016-05-26 20:28:08,444 - Loaded System Directive: org.apache.velocity.runtime.directive.Macro
2016-05-26 20:28:08,444 - Loaded System Directive: org.apache.velocity.runtime.directive.Parse
2016-05-26 20:28:08,444 - Loaded System Directive: org.apache.velocity.runtime.directive.Parse
2016-05-26 20:28:08,444 - Loaded System Directive: org.apache.velocity.runtime.directive.Include
2016-05-26 20:28:08,444 - Loaded System Directive: org.apache.velocity.runtime.directive.Include
2016-05-26 20:28:08,444 - Loaded System Directive: org.apache.velocity.runtime.directive.Foreach
2016-05-26 20:28:08,444 - Loaded System Directive: org.apache.velocity.runtime.directive.Foreach
2016-05-26 20:28:08,445 - Created '20' parsers.
2016-05-26 20:28:08,445 - Created '20' parsers.
2016-05-26 20:28:08,446 - Velocimacro : "velocimacro.library" is not set.  Trying default library: VM_global_library.vm
2016-05-26 20:28:08,446 - Velocimacro : "velocimacro.library" is not set.  Trying default library: VM_global_library.vm
2016-05-26 20:28:08,446 - Velocimacro : Default library not found.
2016-05-26 20:28:08,446 - Velocimacro : Default library not found.
2016-05-26 20:28:08,446 - Velocimacro : allowInline = true : VMs can be defined inline in templates
2016-05-26 20:28:08,446 - Velocimacro : allowInline = true : VMs can be defined inline in templates
2016-05-26 20:28:08,446 - Velocimacro : allowInlineToOverride = false : VMs defined inline may NOT replace previous VM definitions
2016-05-26 20:28:08,446 - Velocimacro : allowInlineToOverride = false : VMs defined inline may NOT replace previous VM definitions
2016-05-26 20:28:08,446 - Velocimacro : allowInlineLocal = false : VMs defined inline will be global in scope if allowed.
2016-05-26 20:28:08,446 - Velocimacro : allowInlineLocal = false : VMs defined inline will be global in scope if allowed.
2016-05-26 20:28:08,446 - Velocimacro : autoload off : VM system will not automatically reload global library macros
2016-05-26 20:28:08,446 - Velocimacro : autoload off : VM system will not automatically reload global library macros
2016-05-26 20:31:23,652 - Log4JLogChute initialized using file 'velocity.log'
2016-05-26 20:31:23,652 - Initializing Velocity, Calling init()...
2016-05-26 20:31:23,652 - Starting Apache Velocity v1.7 (compiled: 2010-11-19 12:14:37)
2016-05-26 20:31:23,652 - Default Properties File: org/apache/velocity/runtime/defaults/velocity.properties
2016-05-26 20:31:23,653 - Trying to use logger class org.apache.velocity.runtime.log.AvalonLogChute
2016-05-26 20:31:23,653 - Target log system for org.apache.velocity.runtime.log.AvalonLogChute is not available (java.lang.NoClassDefFoundError: org/apache/log/format/Formatter).  Falling back to next log system...
2016-05-26 20:31:23,653 - Trying to use logger class org.apache.velocity.runtime.log.Log4JLogChute
2016-05-26 20:31:23,653 - Using logger class org.apache.velocity.runtime.log.Log4JLogChute
2016-05-26 20:31:23,659 - ResourceLoader instantiated: org.apache.velocity.runtime.resource.loader.StringResourceLoader
2016-05-26 20:31:23,662 - Creating string repository using class org.apache.velocity.runtime.resource.util.StringResourceRepositoryImpl...
2016-05-26 20:31:23,663 - Default repository encoding is UTF-8
2016-05-26 20:31:23,688 - ResourceCache: initialized (class org.apache.velocity.runtime.resource.ResourceCacheImpl) with class java.util.Collections$SynchronizedMap cache map.
2016-05-26 20:31:23,690 - Loaded System Directive: org.apache.velocity.runtime.directive.Stop
2016-05-26 20:31:23,693 - Loaded System Directive: org.apache.velocity.runtime.directive.Define
2016-05-26 20:31:23,694 - Loaded System Directive: org.apache.velocity.runtime.directive.Break
2016-05-26 20:31:23,695 - Loaded System Directive: org.apache.velocity.runtime.directive.Evaluate
2016-05-26 20:31:23,695 - Loaded System Directive: org.apache.velocity.runtime.directive.Literal
2016-05-26 20:31:23,697 - Loaded System Directive: org.apache.velocity.runtime.directive.Macro
2016-05-26 20:31:23,698 - Loaded System Directive: org.apache.velocity.runtime.directive.Parse
2016-05-26 20:31:23,700 - Loaded System Directive: org.apache.velocity.runtime.directive.Include
2016-05-26 20:31:23,701 - Loaded System Directive: org.apache.velocity.runtime.directive.Foreach
2016-05-26 20:31:23,773 - Created '20' parsers.
2016-05-26 20:31:23,779 - Velocimacro : "velocimacro.library" is not set.  Trying default library: VM_global_library.vm
2016-05-26 20:31:23,779 - Velocimacro : Default library not found.
2016-05-26 20:31:23,779 - Velocimacro : allowInline = true : VMs can be defined inline in templates
2016-05-26 20:31:23,779 - Velocimacro : allowInlineToOverride = false : VMs defined inline may NOT replace previous VM definitions
2016-05-26 20:31:23,779 - Velocimacro : allowInlineLocal = false : VMs defined inline will be global in scope if allowed.
2016-05-26 20:31:23,779 - Velocimacro : autoload off : VM system will not automatically reload global library macros
2016-05-26 20:31:23,797 - Log4JLogChute initialized using file 'velocity.log'
2016-05-26 20:31:23,797 - Log4JLogChute initialized using file 'velocity.log'
2016-05-26 20:31:23,797 - Initializing Velocity, Calling init()...
2016-05-26 20:31:23,797 - Initializing Velocity, Calling init()...
2016-05-26 20:31:23,797 - Starting Apache Velocity v1.7 (compiled: 2010-11-19 12:14:37)
2016-05-26 20:31:23,797 - Starting Apache Velocity v1.7 (compiled: 2010-11-19 12:14:37)
2016-05-26 20:31:23,797 - Default Properties File: org/apache/velocity/runtime/defaults/velocity.properties
2016-05-26 20:31:23,797 - Default Properties File: org/apache/velocity/runtime/defaults/velocity.properties
2016-05-26 20:31:23,797 - Trying to use logger class org.apache.velocity.runtime.log.AvalonLogChute
2016-05-26 20:31:23,797 - Trying to use logger class org.apache.velocity.runtime.log.AvalonLogChute
2016-05-26 20:31:23,797 - Target log system for org.apache.velocity.runtime.log.AvalonLogChute is not available (java.lang.NoClassDefFoundError: org/apache/log/format/Formatter).  Falling back to next log system...
2016-05-26 20:31:23,797 - Target log system for org.apache.velocity.runtime.log.AvalonLogChute is not available (java.lang.NoClassDefFoundError: org/apache/log/format/Formatter).  Falling back to next log system...
2016-05-26 20:31:23,797 - Trying to use logger class org.apache.velocity.runtime.log.Log4JLogChute
2016-05-26 20:31:23,797 - Trying to use logger class org.apache.velocity.runtime.log.Log4JLogChute
2016-05-26 20:31:23,797 - Using logger class org.apache.velocity.runtime.log.Log4JLogChute
2016-05-26 20:31:23,797 - Using logger class org.apache.velocity.runtime.log.Log4JLogChute
2016-05-26 20:31:23,798 - ResourceLoader instantiated: org.apache.velocity.runtime.resource.loader.StringResourceLoader
2016-05-26 20:31:23,798 - ResourceLoader instantiated: org.apache.velocity.runtime.resource.loader.StringResourceLoader
2016-05-26 20:31:23,798 - Loaded repository 'org.apache.velocity.runtime.resource.util.StringResourceRepository' from static repo store
2016-05-26 20:31:23,798 - Loaded repository 'org.apache.velocity.runtime.resource.util.StringResourceRepository' from static repo store
2016-05-26 20:31:23,800 - ResourceCache: initialized (class org.apache.velocity.runtime.resource.ResourceCacheImpl) with class java.util.Collections$SynchronizedMap cache map.
2016-05-26 20:31:23,800 - ResourceCache: initialized (class org.apache.velocity.runtime.resource.ResourceCacheImpl) with class java.util.Collections$SynchronizedMap cache map.
2016-05-26 20:31:23,801 - Loaded System Directive: org.apache.velocity.runtime.directive.Stop
2016-05-26 20:31:23,801 - Loaded System Directive: org.apache.velocity.runtime.directive.Stop
2016-05-26 20:31:23,801 - Loaded System Directive: org.apache.velocity.runtime.directive.Define
2016-05-26 20:31:23,801 - Loaded System Directive: org.apache.velocity.runtime.directive.Define
2016-05-26 20:31:23,801 - Loaded System Directive: org.apache.velocity.runtime.directive.Break
2016-05-26 20:31:23,801 - Loaded System Directive: org.apache.velocity.runtime.directive.Break
2016-05-26 20:31:23,802 - Loaded System Directive: org.apache.velocity.runtime.directive.Evaluate
2016-05-26 20:31:23,802 - Loaded System Directive: org.apache.velocity.runtime.directive.Evaluate
2016-05-26 20:31:23,802 - Loaded System Directive: org.apache.velocity.runtime.directive.Literal
2016-05-26 20:31:23,802 - Loaded System Directive: org.apache.velocity.runtime.directive.Literal
2016-05-26 20:31:23,802 - Loaded System Directive: org.apache.velocity.runtime.directive.Macro
2016-05-26 20:31:23,802 - Loaded System Directive: org.apache.velocity.runtime.directive.Macro
2016-05-26 20:31:23,803 - Loaded System Directive: org.apache.velocity.runtime.directive.Parse
2016-05-26 20:31:23,803 - Loaded System Directive: org.apache.velocity.runtime.directive.Parse
2016-05-26 20:31:23,803 - Loaded System Directive: org.apache.velocity.runtime.directive.Include
2016-05-26 20:31:23,803 - Loaded System Directive: org.apache.velocity.runtime.directive.Include
2016-05-26 20:31:23,803 - Loaded System Directive: org.apache.velocity.runtime.directive.Foreach
2016-05-26 20:31:23,803 - Loaded System Directive: org.apache.velocity.runtime.directive.Foreach
2016-05-26 20:31:23,805 - Created '20' parsers.
2016-05-26 20:31:23,805 - Created '20' parsers.
2016-05-26 20:31:23,806 - Velocimacro : "velocimacro.library" is not set.  Trying default library: VM_global_library.vm
2016-05-26 20:31:23,806 - Velocimacro : "velocimacro.library" is not set.  Trying default library: VM_global_library.vm
2016-05-26 20:31:23,806 - Velocimacro : Default library not found.
2016-05-26 20:31:23,806 - Velocimacro : Default library not found.
2016-05-26 20:31:23,806 - Velocimacro : allowInline = true : VMs can be defined inline in templates
2016-05-26 20:31:23,806 - Velocimacro : allowInline = true : VMs can be defined inline in templates
2016-05-26 20:31:23,806 - Velocimacro : allowInlineToOverride = false : VMs defined inline may NOT replace previous VM definitions
2016-05-26 20:31:23,806 - Velocimacro : allowInlineToOverride = false : VMs defined inline may NOT replace previous VM definitions
2016-05-26 20:31:23,806 - Velocimacro : allowInlineLocal = false : VMs defined inline will be global in scope if allowed.
2016-05-26 20:31:23,806 - Velocimacro : allowInlineLocal = false : VMs defined inline will be global in scope if allowed.
2016-05-26 20:31:23,806 - Velocimacro : autoload off : VM system will not automatically reload global library macros
2016-05-26 20:31:23,806 - Velocimacro : autoload off : VM system will not automatically reload global library macros
2016-05-26 20:32:42,550 - Log4JLogChute initialized using file 'velocity.log'
2016-05-26 20:32:42,550 - Initializing Velocity, Calling init()...
2016-05-26 20:32:42,550 - Starting Apache Velocity v1.7 (compiled: 2010-11-19 12:14:37)
2016-05-26 20:32:42,550 - Default Properties File: org/apache/velocity/runtime/defaults/velocity.properties
2016-05-26 20:32:42,550 - Trying to use logger class org.apache.velocity.runtime.log.AvalonLogChute
2016-05-26 20:32:42,550 - Target log system for org.apache.velocity.runtime.log.AvalonLogChute is not available (java.lang.NoClassDefFoundError: org/apache/log/format/Formatter).  Falling back to next log system...
2016-05-26 20:32:42,550 - Trying to use logger class org.apache.velocity.runtime.log.Log4JLogChute
2016-05-26 20:32:42,550 - Using logger class org.apache.velocity.runtime.log.Log4JLogChute
2016-05-26 20:32:42,560 - ResourceLoader instantiated: org.apache.velocity.runtime.resource.loader.StringResourceLoader
2016-05-26 20:32:42,562 - Creating string repository using class org.apache.velocity.runtime.resource.util.StringResourceRepositoryImpl...
2016-05-26 20:32:42,562 - Default repository encoding is UTF-8
2016-05-26 20:32:42,587 - ResourceCache: initialized (class org.apache.velocity.runtime.resource.ResourceCacheImpl) with class java.util.Collections$SynchronizedMap cache map.
2016-05-26 20:32:42,589 - Loaded System Directive: org.apache.velocity.runtime.directive.Stop
2016-05-26 20:32:42,591 - Loaded System Directive: org.apache.velocity.runtime.directive.Define
2016-05-26 20:32:42,592 - Loaded System Directive: org.apache.velocity.runtime.directive.Break
2016-05-26 20:32:42,593 - Loaded System Directive: org.apache.velocity.runtime.directive.Evaluate
2016-05-26 20:32:42,594 - Loaded System Directive: org.apache.velocity.runtime.directive.Literal
2016-05-26 20:32:42,595 - Loaded System Directive: org.apache.velocity.runtime.directive.Macro
2016-05-26 20:32:42,597 - Loaded System Directive: org.apache.velocity.runtime.directive.Parse
2016-05-26 20:32:42,598 - Loaded System Directive: org.apache.velocity.runtime.directive.Include
2016-05-26 20:32:42,599 - Loaded System Directive: org.apache.velocity.runtime.directive.Foreach
2016-05-26 20:32:42,634 - Created '20' parsers.
2016-05-26 20:32:42,640 - Velocimacro : "velocimacro.library" is not set.  Trying default library: VM_global_library.vm
2016-05-26 20:32:42,640 - Velocimacro : Default library not found.
2016-05-26 20:32:42,640 - Velocimacro : allowInline = true : VMs can be defined inline in templates
2016-05-26 20:32:42,640 - Velocimacro : allowInlineToOverride = false : VMs defined inline may NOT replace previous VM definitions
2016-05-26 20:32:42,640 - Velocimacro : allowInlineLocal = false : VMs defined inline will be global in scope if allowed.
2016-05-26 20:32:42,640 - Velocimacro : autoload off : VM system will not automatically reload global library macros
2016-05-26 20:32:42,654 - Log4JLogChute initialized using file 'velocity.log'
2016-05-26 20:32:42,654 - Log4JLogChute initialized using file 'velocity.log'
2016-05-26 20:32:42,654 - Initializing Velocity, Calling init()...
2016-05-26 20:32:42,654 - Initializing Velocity, Calling init()...
2016-05-26 20:32:42,654 - Starting Apache Velocity v1.7 (compiled: 2010-11-19 12:14:37)
2016-05-26 20:32:42,654 - Starting Apache Velocity v1.7 (compiled: 2010-11-19 12:14:37)
2016-05-26 20:32:42,654 - Default Properties File: org/apache/velocity/runtime/defaults/velocity.properties
2016-05-26 20:32:42,654 - Default Properties File: org/apache/velocity/runtime/defaults/velocity.properties
2016-05-26 20:32:42,654 - Trying to use logger class org.apache.velocity.runtime.log.AvalonLogChute
2016-05-26 20:32:42,654 - Trying to use logger class org.apache.velocity.runtime.log.AvalonLogChute
2016-05-26 20:32:42,654 - Target log system for org.apache.velocity.runtime.log.AvalonLogChute is not available (java.lang.NoClassDefFoundError: org/apache/log/format/Formatter).  Falling back to next log system...
2016-05-26 20:32:42,654 - Target log system for org.apache.velocity.runtime.log.AvalonLogChute is not available (java.lang.NoClassDefFoundError: org/apache/log/format/Formatter).  Falling back to next log system...
2016-05-26 20:32:42,654 - Trying to use logger class org.apache.velocity.runtime.log.Log4JLogChute
2016-05-26 20:32:42,654 - Trying to use logger class org.apache.velocity.runtime.log.Log4JLogChute
2016-05-26 20:32:42,654 - Using logger class org.apache.velocity.runtime.log.Log4JLogChute
2016-05-26 20:32:42,654 - Using logger class org.apache.velocity.runtime.log.Log4JLogChute
2016-05-26 20:32:42,655 - ResourceLoader instantiated: org.apache.velocity.runtime.resource.loader.StringResourceLoader
2016-05-26 20:32:42,655 - ResourceLoader instantiated: org.apache.velocity.runtime.resource.loader.StringResourceLoader
2016-05-26 20:32:42,655 - Loaded repository 'org.apache.velocity.runtime.resource.util.StringResourceRepository' from static repo store
2016-05-26 20:32:42,655 - Loaded repository 'org.apache.velocity.runtime.resource.util.StringResourceRepository' from static repo store
2016-05-26 20:32:42,655 - ResourceCache: initialized (class org.apache.velocity.runtime.resource.ResourceCacheImpl) with class java.util.Collections$SynchronizedMap cache map.
2016-05-26 20:32:42,655 - ResourceCache: initialized (class org.apache.velocity.runtime.resource.ResourceCacheImpl) with class java.util.Collections$SynchronizedMap cache map.
2016-05-26 20:32:42,656 - Loaded System Directive: org.apache.velocity.runtime.directive.Stop
2016-05-26 20:32:42,656 - Loaded System Directive: org.apache.velocity.runtime.directive.Stop
2016-05-26 20:32:42,656 - Loaded System Directive: org.apache.velocity.runtime.directive.Define
2016-05-26 20:32:42,656 - Loaded System Directive: org.apache.velocity.runtime.directive.Define
2016-05-26 20:32:42,656 - Loaded System Directive: org.apache.velocity.runtime.directive.Break
2016-05-26 20:32:42,656 - Loaded System Directive: org.apache.velocity.runtime.directive.Break
2016-05-26 20:32:42,656 - Loaded System Directive: org.apache.velocity.runtime.directive.Evaluate
2016-05-26 20:32:42,656 - Loaded System Directive: org.apache.velocity.runtime.directive.Evaluate
2016-05-26 20:32:42,657 - Loaded System Directive: org.apache.velocity.runtime.directive.Literal
2016-05-26 20:32:42,657 - Loaded System Directive: org.apache.velocity.runtime.directive.Literal
2016-05-26 20:32:42,657 - Loaded System Directive: org.apache.velocity.runtime.directive.Macro
2016-05-26 20:32:42,657 - Loaded System Directive: org.apache.velocity.runtime.directive.Macro
2016-05-26 20:32:42,657 - Loaded System Directive: org.apache.velocity.runtime.directive.Parse
2016-05-26 20:32:42,657 - Loaded System Directive: org.apache.velocity.runtime.directive.Parse
2016-05-26 20:32:42,657 - Loaded System Directive: org.apache.velocity.runtime.directive.Include
2016-05-26 20:32:42,657 - Loaded System Directive: org.apache.velocity.runtime.directive.Include
2016-05-26 20:32:42,658 - Loaded System Directive: org.apache.velocity.runtime.directive.Foreach
2016-05-26 20:32:42,658 - Loaded System Directive: org.apache.velocity.runtime.directive.Foreach
2016-05-26 20:32:42,659 - Created '20' parsers.
2016-05-26 20:32:42,659 - Created '20' parsers.
2016-05-26 20:32:42,659 - Velocimacro : "velocimacro.library" is not set.  Trying default library: VM_global_library.vm
2016-05-26 20:32:42,659 - Velocimacro : "velocimacro.library" is not set.  Trying default library: VM_global_library.vm
2016-05-26 20:32:42,659 - Velocimacro : Default library not found.
2016-05-26 20:32:42,659 - Velocimacro : Default library not found.
2016-05-26 20:32:42,659 - Velocimacro : allowInline = true : VMs can be defined inline in templates
2016-05-26 20:32:42,659 - Velocimacro : allowInline = true : VMs can be defined inline in templates
2016-05-26 20:32:42,659 - Velocimacro : allowInlineToOverride = false : VMs defined inline may NOT replace previous VM definitions
2016-05-26 20:32:42,659 - Velocimacro : allowInlineToOverride = false : VMs defined inline may NOT replace previous VM definitions
2016-05-26 20:32:42,659 - Velocimacro : allowInlineLocal = false : VMs defined inline will be global in scope if allowed.
2016-05-26 20:32:42,659 - Velocimacro : allowInlineLocal = false : VMs defined inline will be global in scope if allowed.
2016-05-26 20:32:42,659 - Velocimacro : autoload off : VM system will not automatically reload global library macros
2016-05-26 20:32:42,659 - Velocimacro : autoload off : VM system will not automatically reload global library macros
2016-05-26 23:47:30,045 - Log4JLogChute initialized using file 'velocity.log'
2016-05-26 23:47:30,046 - Initializing Velocity, Calling init()...
2016-05-26 23:47:30,046 - Starting Apache Velocity v1.7 (compiled: 2010-11-19 12:14:37)
2016-05-26 23:47:30,046 - Default Properties File: org/apache/velocity/runtime/defaults/velocity.properties
2016-05-26 23:47:30,046 - Trying to use logger class org.apache.velocity.runtime.log.AvalonLogChute
2016-05-26 23:47:30,046 - Target log system for org.apache.velocity.runtime.log.AvalonLogChute is not available (java.lang.NoClassDefFoundError: org/apache/log/format/Formatter).  Falling back to next log system...
2016-05-26 23:47:30,046 - Trying to use logger class org.apache.velocity.runtime.log.Log4JLogChute
2016-05-26 23:47:30,046 - Using logger class org.apache.velocity.runtime.log.Log4JLogChute
2016-05-26 23:47:30,050 - ResourceLoader instantiated: org.apache.velocity.runtime.resource.loader.StringResourceLoader
2016-05-26 23:47:30,051 - Creating string repository using class org.apache.velocity.runtime.resource.util.StringResourceRepositoryImpl...
2016-05-26 23:47:30,051 - Default repository encoding is UTF-8
2016-05-26 23:47:30,065 - ResourceCache: initialized (class org.apache.velocity.runtime.resource.ResourceCacheImpl) with class java.util.Collections$SynchronizedMap cache map.
2016-05-26 23:47:30,067 - Loaded System Directive: org.apache.velocity.runtime.directive.Stop
2016-05-26 23:47:30,068 - Loaded System Directive: org.apache.velocity.runtime.directive.Define
2016-05-26 23:47:30,069 - Loaded System Directive: org.apache.velocity.runtime.directive.Break
2016-05-26 23:47:30,070 - Loaded System Directive: org.apache.velocity.runtime.directive.Evaluate
2016-05-26 23:47:30,070 - Loaded System Directive: org.apache.velocity.runtime.directive.Literal
2016-05-26 23:47:30,072 - Loaded System Directive: org.apache.velocity.runtime.directive.Macro
2016-05-26 23:47:30,073 - Loaded System Directive: org.apache.velocity.runtime.directive.Parse
2016-05-26 23:47:30,074 - Loaded System Directive: org.apache.velocity.runtime.directive.Include
2016-05-26 23:47:30,075 - Loaded System Directive: org.apache.velocity.runtime.directive.Foreach
2016-05-26 23:47:30,103 - Created '20' parsers.
2016-05-26 23:47:30,109 - Velocimacro : "velocimacro.library" is not set.  Trying default library: VM_global_library.vm
2016-05-26 23:47:30,109 - Velocimacro : Default library not found.
2016-05-26 23:47:30,109 - Velocimacro : allowInline = true : VMs can be defined inline in templates
2016-05-26 23:47:30,109 - Velocimacro : allowInlineToOverride = false : VMs defined inline may NOT replace previous VM definitions
2016-05-26 23:47:30,109 - Velocimacro : allowInlineLocal = false : VMs defined inline will be global in scope if allowed.
2016-05-26 23:47:30,109 - Velocimacro : autoload off : VM system will not automatically reload global library macros
2016-05-26 23:47:30,122 - Log4JLogChute initialized using file 'velocity.log'
2016-05-26 23:47:30,122 - Log4JLogChute initialized using file 'velocity.log'
2016-05-26 23:47:30,122 - Initializing Velocity, Calling init()...
2016-05-26 23:47:30,122 - Initializing Velocity, Calling init()...
2016-05-26 23:47:30,122 - Starting Apache Velocity v1.7 (compiled: 2010-11-19 12:14:37)
2016-05-26 23:47:30,122 - Starting Apache Velocity v1.7 (compiled: 2010-11-19 12:14:37)
2016-05-26 23:47:30,122 - Default Properties File: org/apache/velocity/runtime/defaults/velocity.properties
2016-05-26 23:47:30,122 - Default Properties File: org/apache/velocity/runtime/defaults/velocity.properties
2016-05-26 23:47:30,122 - Trying to use logger class org.apache.velocity.runtime.log.AvalonLogChute
2016-05-26 23:47:30,122 - Trying to use logger class org.apache.velocity.runtime.log.AvalonLogChute
2016-05-26 23:47:30,122 - Target log system for org.apache.velocity.runtime.log.AvalonLogChute is not available (java.lang.NoClassDefFoundError: org/apache/log/format/Formatter).  Falling back to next log system...
2016-05-26 23:47:30,122 - Target log system for org.apache.velocity.runtime.log.AvalonLogChute is not available (java.lang.NoClassDefFoundError: org/apache/log/format/Formatter).  Falling back to next log system...
2016-05-26 23:47:30,122 - Trying to use logger class org.apache.velocity.runtime.log.Log4JLogChute
2016-05-26 23:47:30,122 - Trying to use logger class org.apache.velocity.runtime.log.Log4JLogChute
2016-05-26 23:47:30,122 - Using logger class org.apache.velocity.runtime.log.Log4JLogChute
2016-05-26 23:47:30,122 - Using logger class org.apache.velocity.runtime.log.Log4JLogChute
2016-05-26 23:47:30,122 - ResourceLoader instantiated: org.apache.velocity.runtime.resource.loader.StringResourceLoader
2016-05-26 23:47:30,122 - ResourceLoader instantiated: org.apache.velocity.runtime.resource.loader.StringResourceLoader
2016-05-26 23:47:30,122 - Loaded repository 'org.apache.velocity.runtime.resource.util.StringResourceRepository' from static repo store
2016-05-26 23:47:30,122 - Loaded repository 'org.apache.velocity.runtime.resource.util.StringResourceRepository' from static repo store
2016-05-26 23:47:30,123 - ResourceCache: initialized (class org.apache.velocity.runtime.resource.ResourceCacheImpl) with class java.util.Collections$SynchronizedMap cache map.
2016-05-26 23:47:30,123 - ResourceCache: initialized (class org.apache.velocity.runtime.resource.ResourceCacheImpl) with class java.util.Collections$SynchronizedMap cache map.
2016-05-26 23:47:30,123 - Loaded System Directive: org.apache.velocity.runtime.directive.Stop
2016-05-26 23:47:30,123 - Loaded System Directive: org.apache.velocity.runtime.directive.Stop
2016-05-26 23:47:30,123 - Loaded System Directive: org.apache.velocity.runtime.directive.Define
2016-05-26 23:47:30,123 - Loaded System Directive: org.apache.velocity.runtime.directive.Define
2016-05-26 23:47:30,123 - Loaded System Directive: org.apache.velocity.runtime.directive.Break
2016-05-26 23:47:30,123 - Loaded System Directive: org.apache.velocity.runtime.directive.Break
2016-05-26 23:47:30,124 - Loaded System Directive: org.apache.velocity.runtime.directive.Evaluate
2016-05-26 23:47:30,124 - Loaded System Directive: org.apache.velocity.runtime.directive.Evaluate
2016-05-26 23:47:30,124 - Loaded System Directive: org.apache.velocity.runtime.directive.Literal
2016-05-26 23:47:30,124 - Loaded System Directive: org.apache.velocity.runtime.directive.Literal
2016-05-26 23:47:30,124 - Loaded System Directive: org.apache.velocity.runtime.directive.Macro
2016-05-26 23:47:30,124 - Loaded System Directive: org.apache.velocity.runtime.directive.Macro
2016-05-26 23:47:30,124 - Loaded System Directive: org.apache.velocity.runtime.directive.Parse
2016-05-26 23:47:30,124 - Loaded System Directive: org.apache.velocity.runtime.directive.Parse
2016-05-26 23:47:30,124 - Loaded System Directive: org.apache.velocity.runtime.directive.Include
2016-05-26 23:47:30,124 - Loaded System Directive: org.apache.velocity.runtime.directive.Include
2016-05-26 23:47:30,125 - Loaded System Directive: org.apache.velocity.runtime.directive.Foreach
2016-05-26 23:47:30,125 - Loaded System Directive: org.apache.velocity.runtime.directive.Foreach
2016-05-26 23:47:30,125 - Created '20' parsers.
2016-05-26 23:47:30,125 - Created '20' parsers.
2016-05-26 23:47:30,126 - Velocimacro : "velocimacro.library" is not set.  Trying default library: VM_global_library.vm
2016-05-26 23:47:30,126 - Velocimacro : "velocimacro.library" is not set.  Trying default library: VM_global_library.vm
2016-05-26 23:47:30,126 - Velocimacro : Default library not found.
2016-05-26 23:47:30,126 - Velocimacro : Default library not found.
2016-05-26 23:47:30,126 - Velocimacro : allowInline = true : VMs can be defined inline in templates
2016-05-26 23:47:30,126 - Velocimacro : allowInline = true : VMs can be defined inline in templates
2016-05-26 23:47:30,126 - Velocimacro : allowInlineToOverride = false : VMs defined inline may NOT replace previous VM definitions
2016-05-26 23:47:30,126 - Velocimacro : allowInlineToOverride = false : VMs defined inline may NOT replace previous VM definitions
2016-05-26 23:47:30,126 - Velocimacro : allowInlineLocal = false : VMs defined inline will be global in scope if allowed.
2016-05-26 23:47:30,126 - Velocimacro : allowInlineLocal = false : VMs defined inline will be global in scope if allowed.
2016-05-26 23:47:30,126 - Velocimacro : autoload off : VM system will not automatically reload global library macros
2016-05-26 23:47:30,126 - Velocimacro : autoload off : VM system will not automatically reload global library macros
2016-05-26 23:54:13,498 - Log4JLogChute initialized using file 'velocity.log'
2016-05-26 23:54:13,499 - Initializing Velocity, Calling init()...
2016-05-26 23:54:13,499 - Starting Apache Velocity v1.7 (compiled: 2010-11-19 12:14:37)
2016-05-26 23:54:13,499 - Default Properties File: org/apache/velocity/runtime/defaults/velocity.properties
2016-05-26 23:54:13,499 - Trying to use logger class org.apache.velocity.runtime.log.AvalonLogChute
2016-05-26 23:54:13,499 - Target log system for org.apache.velocity.runtime.log.AvalonLogChute is not available (java.lang.NoClassDefFoundError: org/apache/log/format/Formatter).  Falling back to next log system...
2016-05-26 23:54:13,499 - Trying to use logger class org.apache.velocity.runtime.log.Log4JLogChute
2016-05-26 23:54:13,499 - Using logger class org.apache.velocity.runtime.log.Log4JLogChute
2016-05-26 23:54:13,507 - ResourceLoader instantiated: org.apache.velocity.runtime.resource.loader.StringResourceLoader
2016-05-26 23:54:13,509 - Creating string repository using class org.apache.velocity.runtime.resource.util.StringResourceRepositoryImpl...
2016-05-26 23:54:13,510 - Default repository encoding is UTF-8
2016-05-26 23:54:13,532 - ResourceCache: initialized (class org.apache.velocity.runtime.resource.ResourceCacheImpl) with class java.util.Collections$SynchronizedMap cache map.
2016-05-26 23:54:13,534 - Loaded System Directive: org.apache.velocity.runtime.directive.Stop
2016-05-26 23:54:13,536 - Loaded System Directive: org.apache.velocity.runtime.directive.Define
2016-05-26 23:54:13,537 - Loaded System Directive: org.apache.velocity.runtime.directive.Break
2016-05-26 23:54:13,539 - Loaded System Directive: org.apache.velocity.runtime.directive.Evaluate
2016-05-26 23:54:13,540 - Loaded System Directive: org.apache.velocity.runtime.directive.Literal
2016-05-26 23:54:13,541 - Loaded System Directive: org.apache.velocity.runtime.directive.Macro
2016-05-26 23:54:13,543 - Loaded System Directive: org.apache.velocity.runtime.directive.Parse
2016-05-26 23:54:13,545 - Loaded System Directive: org.apache.velocity.runtime.directive.Include
2016-05-26 23:54:13,546 - Loaded System Directive: org.apache.velocity.runtime.directive.Foreach
2016-05-26 23:54:13,589 - Created '20' parsers.
2016-05-26 23:54:13,596 - Velocimacro : "velocimacro.library" is not set.  Trying default library: VM_global_library.vm
2016-05-26 23:54:13,597 - Velocimacro : Default library not found.
2016-05-26 23:54:13,597 - Velocimacro : allowInline = true : VMs can be defined inline in templates
2016-05-26 23:54:13,597 - Velocimacro : allowInlineToOverride = false : VMs defined inline may NOT replace previous VM definitions
2016-05-26 23:54:13,597 - Velocimacro : allowInlineLocal = false : VMs defined inline will be global in scope if allowed.
2016-05-26 23:54:13,597 - Velocimacro : autoload off : VM system will not automatically reload global library macros
2016-05-26 23:54:13,612 - Log4JLogChute initialized using file 'velocity.log'
2016-05-26 23:54:13,612 - Log4JLogChute initialized using file 'velocity.log'
2016-05-26 23:54:13,612 - Initializing Velocity, Calling init()...
2016-05-26 23:54:13,612 - Initializing Velocity, Calling init()...
2016-05-26 23:54:13,612 - Starting Apache Velocity v1.7 (compiled: 2010-11-19 12:14:37)
2016-05-26 23:54:13,612 - Starting Apache Velocity v1.7 (compiled: 2010-11-19 12:14:37)
2016-05-26 23:54:13,612 - Default Properties File: org/apache/velocity/runtime/defaults/velocity.properties
2016-05-26 23:54:13,612 - Default Properties File: org/apache/velocity/runtime/defaults/velocity.properties
2016-05-26 23:54:13,612 - Trying to use logger class org.apache.velocity.runtime.log.AvalonLogChute
2016-05-26 23:54:13,612 - Trying to use logger class org.apache.velocity.runtime.log.AvalonLogChute
2016-05-26 23:54:13,612 - Target log system for org.apache.velocity.runtime.log.AvalonLogChute is not available (java.lang.NoClassDefFoundError: org/apache/log/format/Formatter).  Falling back to next log system...
2016-05-26 23:54:13,612 - Target log system for org.apache.velocity.runtime.log.AvalonLogChute is not available (java.lang.NoClassDefFoundError: org/apache/log/format/Formatter).  Falling back to next log system...
2016-05-26 23:54:13,612 - Trying to use logger class org.apache.velocity.runtime.log.Log4JLogChute
2016-05-26 23:54:13,612 - Trying to use logger class org.apache.velocity.runtime.log.Log4JLogChute
2016-05-26 23:54:13,613 - Using logger class org.apache.velocity.runtime.log.Log4JLogChute
2016-05-26 23:54:13,613 - Using logger class org.apache.velocity.runtime.log.Log4JLogChute
2016-05-26 23:54:13,613 - ResourceLoader instantiated: org.apache.velocity.runtime.resource.loader.StringResourceLoader
2016-05-26 23:54:13,613 - ResourceLoader instantiated: org.apache.velocity.runtime.resource.loader.StringResourceLoader
2016-05-26 23:54:13,613 - Loaded repository 'org.apache.velocity.runtime.resource.util.StringResourceRepository' from static repo store
2016-05-26 23:54:13,613 - Loaded repository 'org.apache.velocity.runtime.resource.util.StringResourceRepository' from static repo store
2016-05-26 23:54:13,614 - ResourceCache: initialized (class org.apache.velocity.runtime.resource.ResourceCacheImpl) with class java.util.Collections$SynchronizedMap cache map.
2016-05-26 23:54:13,614 - ResourceCache: initialized (class org.apache.velocity.runtime.resource.ResourceCacheImpl) with class java.util.Collections$SynchronizedMap cache map.
2016-05-26 23:54:13,615 - Loaded System Directive: org.apache.velocity.runtime.directive.Stop
2016-05-26 23:54:13,615 - Loaded System Directive: org.apache.velocity.runtime.directive.Stop
2016-05-26 23:54:13,615 - Loaded System Directive: org.apache.velocity.runtime.directive.Define
2016-05-26 23:54:13,615 - Loaded System Directive: org.apache.velocity.runtime.directive.Define
2016-05-26 23:54:13,615 - Loaded System Directive: org.apache.velocity.runtime.directive.Break
2016-05-26 23:54:13,615 - Loaded System Directive: org.apache.velocity.runtime.directive.Break
2016-05-26 23:54:13,616 - Loaded System Directive: org.apache.velocity.runtime.directive.Evaluate
2016-05-26 23:54:13,616 - Loaded System Directive: org.apache.velocity.runtime.directive.Evaluate
2016-05-26 23:54:13,616 - Loaded System Directive: org.apache.velocity.runtime.directive.Literal
2016-05-26 23:54:13,616 - Loaded System Directive: org.apache.velocity.runtime.directive.Literal
2016-05-26 23:54:13,616 - Loaded System Directive: org.apache.velocity.runtime.directive.Macro
2016-05-26 23:54:13,616 - Loaded System Directive: org.apache.velocity.runtime.directive.Macro
2016-05-26 23:54:13,617 - Loaded System Directive: org.apache.velocity.runtime.directive.Parse
2016-05-26 23:54:13,617 - Loaded System Directive: org.apache.velocity.runtime.directive.Parse
2016-05-26 23:54:13,617 - Loaded System Directive: org.apache.velocity.runtime.directive.Include
2016-05-26 23:54:13,617 - Loaded System Directive: org.apache.velocity.runtime.directive.Include
2016-05-26 23:54:13,617 - Loaded System Directive: org.apache.velocity.runtime.directive.Foreach
2016-05-26 23:54:13,617 - Loaded System Directive: org.apache.velocity.runtime.directive.Foreach
2016-05-26 23:54:13,618 - Created '20' parsers.
2016-05-26 23:54:13,618 - Created '20' parsers.
2016-05-26 23:54:13,619 - Velocimacro : "velocimacro.library" is not set.  Trying default library: VM_global_library.vm
2016-05-26 23:54:13,619 - Velocimacro : "velocimacro.library" is not set.  Trying default library: VM_global_library.vm
2016-05-26 23:54:13,619 - Velocimacro : Default library not found.
2016-05-26 23:54:13,619 - Velocimacro : Default library not found.
2016-05-26 23:54:13,619 - Velocimacro : allowInline = true : VMs can be defined inline in templates
2016-05-26 23:54:13,619 - Velocimacro : allowInline = true : VMs can be defined inline in templates
2016-05-26 23:54:13,619 - Velocimacro : allowInlineToOverride = false : VMs defined inline may NOT replace previous VM definitions
2016-05-26 23:54:13,619 - Velocimacro : allowInlineToOverride = false : VMs defined inline may NOT replace previous VM definitions
2016-05-26 23:54:13,619 - Velocimacro : allowInlineLocal = false : VMs defined inline will be global in scope if allowed.
2016-05-26 23:54:13,619 - Velocimacro : allowInlineLocal = false : VMs defined inline will be global in scope if allowed.
2016-05-26 23:54:13,619 - Velocimacro : autoload off : VM system will not automatically reload global library macros
2016-05-26 23:54:13,619 - Velocimacro : autoload off : VM system will not automatically reload global library macros
2016-05-26 23:56:22,214 - Log4JLogChute initialized using file 'velocity.log'
2016-05-26 23:56:22,214 - Initializing Velocity, Calling init()...
2016-05-26 23:56:22,214 - Starting Apache Velocity v1.7 (compiled: 2010-11-19 12:14:37)
2016-05-26 23:56:22,214 - Default Properties File: org/apache/velocity/runtime/defaults/velocity.properties
2016-05-26 23:56:22,214 - Trying to use logger class org.apache.velocity.runtime.log.AvalonLogChute
2016-05-26 23:56:22,214 - Target log system for org.apache.velocity.runtime.log.AvalonLogChute is not available (java.lang.NoClassDefFoundError: org/apache/log/format/Formatter).  Falling back to next log system...
2016-05-26 23:56:22,214 - Trying to use logger class org.apache.velocity.runtime.log.Log4JLogChute
2016-05-26 23:56:22,214 - Using logger class org.apache.velocity.runtime.log.Log4JLogChute
2016-05-26 23:56:22,218 - ResourceLoader instantiated: org.apache.velocity.runtime.resource.loader.StringResourceLoader
2016-05-26 23:56:22,219 - Creating string repository using class org.apache.velocity.runtime.resource.util.StringResourceRepositoryImpl...
2016-05-26 23:56:22,219 - Default repository encoding is UTF-8
2016-05-26 23:56:22,230 - ResourceCache: initialized (class org.apache.velocity.runtime.resource.ResourceCacheImpl) with class java.util.Collections$SynchronizedMap cache map.
2016-05-26 23:56:22,231 - Loaded System Directive: org.apache.velocity.runtime.directive.Stop
2016-05-26 23:56:22,232 - Loaded System Directive: org.apache.velocity.runtime.directive.Define
2016-05-26 23:56:22,232 - Loaded System Directive: org.apache.velocity.runtime.directive.Break
2016-05-26 23:56:22,233 - Loaded System Directive: org.apache.velocity.runtime.directive.Evaluate
2016-05-26 23:56:22,234 - Loaded System Directive: org.apache.velocity.runtime.directive.Literal
2016-05-26 23:56:22,235 - Loaded System Directive: org.apache.velocity.runtime.directive.Macro
2016-05-26 23:56:22,237 - Loaded System Directive: org.apache.velocity.runtime.directive.Parse
2016-05-26 23:56:22,238 - Loaded System Directive: org.apache.velocity.runtime.directive.Include
2016-05-26 23:56:22,239 - Loaded System Directive: org.apache.velocity.runtime.directive.Foreach
2016-05-26 23:56:22,267 - Created '20' parsers.
2016-05-26 23:56:22,272 - Velocimacro : "velocimacro.library" is not set.  Trying default library: VM_global_library.vm
2016-05-26 23:56:22,272 - Velocimacro : Default library not found.
2016-05-26 23:56:22,272 - Velocimacro : allowInline = true : VMs can be defined inline in templates
2016-05-26 23:56:22,272 - Velocimacro : allowInlineToOverride = false : VMs defined inline may NOT replace previous VM definitions
2016-05-26 23:56:22,272 - Velocimacro : allowInlineLocal = false : VMs defined inline will be global in scope if allowed.
2016-05-26 23:56:22,273 - Velocimacro : autoload off : VM system will not automatically reload global library macros
2016-05-26 23:56:22,282 - Log4JLogChute initialized using file 'velocity.log'
2016-05-26 23:56:22,282 - Log4JLogChute initialized using file 'velocity.log'
2016-05-26 23:56:22,282 - Initializing Velocity, Calling init()...
2016-05-26 23:56:22,282 - Initializing Velocity, Calling init()...
2016-05-26 23:56:22,282 - Starting Apache Velocity v1.7 (compiled: 2010-11-19 12:14:37)
2016-05-26 23:56:22,282 - Starting Apache Velocity v1.7 (compiled: 2010-11-19 12:14:37)
2016-05-26 23:56:22,282 - Default Properties File: org/apache/velocity/runtime/defaults/velocity.properties
2016-05-26 23:56:22,282 - Default Properties File: org/apache/velocity/runtime/defaults/velocity.properties
2016-05-26 23:56:22,282 - Trying to use logger class org.apache.velocity.runtime.log.AvalonLogChute
2016-05-26 23:56:22,282 - Trying to use logger class org.apache.velocity.runtime.log.AvalonLogChute
2016-05-26 23:56:22,282 - Target log system for org.apache.velocity.runtime.log.AvalonLogChute is not available (java.lang.NoClassDefFoundError: org/apache/log/format/Formatter).  Falling back to next log system...
2016-05-26 23:56:22,282 - Target log system for org.apache.velocity.runtime.log.AvalonLogChute is not available (java.lang.NoClassDefFoundError: org/apache/log/format/Formatter).  Falling back to next log system...
2016-05-26 23:56:22,282 - Trying to use logger class org.apache.velocity.runtime.log.Log4JLogChute
2016-05-26 23:56:22,282 - Trying to use logger class org.apache.velocity.runtime.log.Log4JLogChute
2016-05-26 23:56:22,282 - Using logger class org.apache.velocity.runtime.log.Log4JLogChute
2016-05-26 23:56:22,282 - Using logger class org.apache.velocity.runtime.log.Log4JLogChute
2016-05-26 23:56:22,283 - ResourceLoader instantiated: org.apache.velocity.runtime.resource.loader.StringResourceLoader
2016-05-26 23:56:22,283 - ResourceLoader instantiated: org.apache.velocity.runtime.resource.loader.StringResourceLoader
2016-05-26 23:56:22,283 - Loaded repository 'org.apache.velocity.runtime.resource.util.StringResourceRepository' from static repo store
2016-05-26 23:56:22,283 - Loaded repository 'org.apache.velocity.runtime.resource.util.StringResourceRepository' from static repo store
2016-05-26 23:56:22,283 - ResourceCache: initialized (class org.apache.velocity.runtime.resource.ResourceCacheImpl) with class java.util.Collections$SynchronizedMap cache map.
2016-05-26 23:56:22,283 - ResourceCache: initialized (class org.apache.velocity.runtime.resource.ResourceCacheImpl) with class java.util.Collections$SynchronizedMap cache map.
2016-05-26 23:56:22,283 - Loaded System Directive: org.apache.velocity.runtime.directive.Stop
2016-05-26 23:56:22,283 - Loaded System Directive: org.apache.velocity.runtime.directive.Stop
2016-05-26 23:56:22,284 - Loaded System Directive: org.apache.velocity.runtime.directive.Define
2016-05-26 23:56:22,284 - Loaded System Directive: org.apache.velocity.runtime.directive.Define
2016-05-26 23:56:22,284 - Loaded System Directive: org.apache.velocity.runtime.directive.Break
2016-05-26 23:56:22,284 - Loaded System Directive: org.apache.velocity.runtime.directive.Break
2016-05-26 23:56:22,284 - Loaded System Directive: org.apache.velocity.runtime.directive.Evaluate
2016-05-26 23:56:22,284 - Loaded System Directive: org.apache.velocity.runtime.directive.Evaluate
2016-05-26 23:56:22,284 - Loaded System Directive: org.apache.velocity.runtime.directive.Literal
2016-05-26 23:56:22,284 - Loaded System Directive: org.apache.velocity.runtime.directive.Literal
2016-05-26 23:56:22,284 - Loaded System Directive: org.apache.velocity.runtime.directive.Macro
2016-05-26 23:56:22,284 - Loaded System Directive: org.apache.velocity.runtime.directive.Macro
2016-05-26 23:56:22,285 - Loaded System Directive: org.apache.velocity.runtime.directive.Parse
2016-05-26 23:56:22,285 - Loaded System Directive: org.apache.velocity.runtime.directive.Parse
2016-05-26 23:56:22,285 - Loaded System Directive: org.apache.velocity.runtime.directive.Include
2016-05-26 23:56:22,285 - Loaded System Directive: org.apache.velocity.runtime.directive.Include
2016-05-26 23:56:22,285 - Loaded System Directive: org.apache.velocity.runtime.directive.Foreach
2016-05-26 23:56:22,285 - Loaded System Directive: org.apache.velocity.runtime.directive.Foreach
2016-05-26 23:56:22,286 - Created '20' parsers.
2016-05-26 23:56:22,286 - Created '20' parsers.
2016-05-26 23:56:22,286 - Velocimacro : "velocimacro.library" is not set.  Trying default library: VM_global_library.vm
2016-05-26 23:56:22,286 - Velocimacro : "velocimacro.library" is not set.  Trying default library: VM_global_library.vm
2016-05-26 23:56:22,286 - Velocimacro : Default library not found.
2016-05-26 23:56:22,286 - Velocimacro : Default library not found.
2016-05-26 23:56:22,286 - Velocimacro : allowInline = true : VMs can be defined inline in templates
2016-05-26 23:56:22,286 - Velocimacro : allowInline = true : VMs can be defined inline in templates
2016-05-26 23:56:22,286 - Velocimacro : allowInlineToOverride = false : VMs defined inline may NOT replace previous VM definitions
2016-05-26 23:56:22,286 - Velocimacro : allowInlineToOverride = false : VMs defined inline may NOT replace previous VM definitions
2016-05-26 23:56:22,287 - Velocimacro : allowInlineLocal = false : VMs defined inline will be global in scope if allowed.
2016-05-26 23:56:22,287 - Velocimacro : allowInlineLocal = false : VMs defined inline will be global in scope if allowed.
2016-05-26 23:56:22,287 - Velocimacro : autoload off : VM system will not automatically reload global library macros
2016-05-26 23:56:22,287 - Velocimacro : autoload off : VM system will not automatically reload global library macros
2016-05-27 00:30:08,591 - Log4JLogChute initialized using file 'velocity.log'
2016-05-27 00:30:08,591 - Initializing Velocity, Calling init()...
2016-05-27 00:30:08,592 - Starting Apache Velocity v1.7 (compiled: 2010-11-19 12:14:37)
2016-05-27 00:30:08,592 - Default Properties File: org/apache/velocity/runtime/defaults/velocity.properties
2016-05-27 00:30:08,592 - Trying to use logger class org.apache.velocity.runtime.log.AvalonLogChute
2016-05-27 00:30:08,592 - Target log system for org.apache.velocity.runtime.log.AvalonLogChute is not available (java.lang.NoClassDefFoundError: org/apache/log/format/Formatter).  Falling back to next log system...
2016-05-27 00:30:08,592 - Trying to use logger class org.apache.velocity.runtime.log.Log4JLogChute
2016-05-27 00:30:08,592 - Using logger class org.apache.velocity.runtime.log.Log4JLogChute
2016-05-27 00:30:08,597 - ResourceLoader instantiated: org.apache.velocity.runtime.resource.loader.StringResourceLoader
2016-05-27 00:30:08,598 - Creating string repository using class org.apache.velocity.runtime.resource.util.StringResourceRepositoryImpl...
2016-05-27 00:30:08,599 - Default repository encoding is UTF-8
2016-05-27 00:30:08,616 - ResourceCache: initialized (class org.apache.velocity.runtime.resource.ResourceCacheImpl) with class java.util.Collections$SynchronizedMap cache map.
2016-05-27 00:30:08,618 - Loaded System Directive: org.apache.velocity.runtime.directive.Stop
2016-05-27 00:30:08,620 - Loaded System Directive: org.apache.velocity.runtime.directive.Define
2016-05-27 00:30:08,621 - Loaded System Directive: org.apache.velocity.runtime.directive.Break
2016-05-27 00:30:08,623 - Loaded System Directive: org.apache.velocity.runtime.directive.Evaluate
2016-05-27 00:30:08,624 - Loaded System Directive: org.apache.velocity.runtime.directive.Literal
2016-05-27 00:30:08,626 - Loaded System Directive: org.apache.velocity.runtime.directive.Macro
2016-05-27 00:30:08,629 - Loaded System Directive: org.apache.velocity.runtime.directive.Parse
2016-05-27 00:30:08,630 - Loaded System Directive: org.apache.velocity.runtime.directive.Include
2016-05-27 00:30:08,632 - Loaded System Directive: org.apache.velocity.runtime.directive.Foreach
2016-05-27 00:30:08,713 - Created '20' parsers.
2016-05-27 00:30:08,725 - Velocimacro : "velocimacro.library" is not set.  Trying default library: VM_global_library.vm
2016-05-27 00:30:08,725 - Velocimacro : Default library not found.
2016-05-27 00:30:08,725 - Velocimacro : allowInline = true : VMs can be defined inline in templates
2016-05-27 00:30:08,725 - Velocimacro : allowInlineToOverride = false : VMs defined inline may NOT replace previous VM definitions
2016-05-27 00:30:08,725 - Velocimacro : allowInlineLocal = false : VMs defined inline will be global in scope if allowed.
2016-05-27 00:30:08,725 - Velocimacro : autoload off : VM system will not automatically reload global library macros
2016-05-27 00:30:08,741 - Log4JLogChute initialized using file 'velocity.log'
2016-05-27 00:30:08,741 - Log4JLogChute initialized using file 'velocity.log'
2016-05-27 00:30:08,741 - Initializing Velocity, Calling init()...
2016-05-27 00:30:08,741 - Initializing Velocity, Calling init()...
2016-05-27 00:30:08,741 - Starting Apache Velocity v1.7 (compiled: 2010-11-19 12:14:37)
2016-05-27 00:30:08,741 - Starting Apache Velocity v1.7 (compiled: 2010-11-19 12:14:37)
2016-05-27 00:30:08,741 - Default Properties File: org/apache/velocity/runtime/defaults/velocity.properties
2016-05-27 00:30:08,741 - Default Properties File: org/apache/velocity/runtime/defaults/velocity.properties
2016-05-27 00:30:08,741 - Trying to use logger class org.apache.velocity.runtime.log.AvalonLogChute
2016-05-27 00:30:08,741 - Trying to use logger class org.apache.velocity.runtime.log.AvalonLogChute
2016-05-27 00:30:08,741 - Target log system for org.apache.velocity.runtime.log.AvalonLogChute is not available (java.lang.NoClassDefFoundError: org/apache/log/format/Formatter).  Falling back to next log system...
2016-05-27 00:30:08,741 - Target log system for org.apache.velocity.runtime.log.AvalonLogChute is not available (java.lang.NoClassDefFoundError: org/apache/log/format/Formatter).  Falling back to next log system...
2016-05-27 00:30:08,741 - Trying to use logger class org.apache.velocity.runtime.log.Log4JLogChute
2016-05-27 00:30:08,741 - Trying to use logger class org.apache.velocity.runtime.log.Log4JLogChute
2016-05-27 00:30:08,741 - Using logger class org.apache.velocity.runtime.log.Log4JLogChute
2016-05-27 00:30:08,741 - Using logger class org.apache.velocity.runtime.log.Log4JLogChute
2016-05-27 00:30:08,742 - ResourceLoader instantiated: org.apache.velocity.runtime.resource.loader.StringResourceLoader
2016-05-27 00:30:08,742 - ResourceLoader instantiated: org.apache.velocity.runtime.resource.loader.StringResourceLoader
2016-05-27 00:30:08,742 - Loaded repository 'org.apache.velocity.runtime.resource.util.StringResourceRepository' from static repo store
2016-05-27 00:30:08,742 - Loaded repository 'org.apache.velocity.runtime.resource.util.StringResourceRepository' from static repo store
2016-05-27 00:30:08,743 - ResourceCache: initialized (class org.apache.velocity.runtime.resource.ResourceCacheImpl) with class java.util.Collections$SynchronizedMap cache map.
2016-05-27 00:30:08,743 - ResourceCache: initialized (class org.apache.velocity.runtime.resource.ResourceCacheImpl) with class java.util.Collections$SynchronizedMap cache map.
2016-05-27 00:30:08,743 - Loaded System Directive: org.apache.velocity.runtime.directive.Stop
2016-05-27 00:30:08,743 - Loaded System Directive: org.apache.velocity.runtime.directive.Stop
2016-05-27 00:30:08,744 - Loaded System Directive: org.apache.velocity.runtime.directive.Define
2016-05-27 00:30:08,744 - Loaded System Directive: org.apache.velocity.runtime.directive.Define
2016-05-27 00:30:08,744 - Loaded System Directive: org.apache.velocity.runtime.directive.Break
2016-05-27 00:30:08,744 - Loaded System Directive: org.apache.velocity.runtime.directive.Break
2016-05-27 00:30:08,745 - Loaded System Directive: org.apache.velocity.runtime.directive.Evaluate
2016-05-27 00:30:08,745 - Loaded System Directive: org.apache.velocity.runtime.directive.Evaluate
2016-05-27 00:30:08,745 - Loaded System Directive: org.apache.velocity.runtime.directive.Literal
2016-05-27 00:30:08,745 - Loaded System Directive: org.apache.velocity.runtime.directive.Literal
2016-05-27 00:30:08,745 - Loaded System Directive: org.apache.velocity.runtime.directive.Macro
2016-05-27 00:30:08,745 - Loaded System Directive: org.apache.velocity.runtime.directive.Macro
2016-05-27 00:30:08,746 - Loaded System Directive: org.apache.velocity.runtime.directive.Parse
2016-05-27 00:30:08,746 - Loaded System Directive: org.apache.velocity.runtime.directive.Parse
2016-05-27 00:30:08,746 - Loaded System Directive: org.apache.velocity.runtime.directive.Include
2016-05-27 00:30:08,746 - Loaded System Directive: org.apache.velocity.runtime.directive.Include
2016-05-27 00:30:08,746 - Loaded System Directive: org.apache.velocity.runtime.directive.Foreach
2016-05-27 00:30:08,746 - Loaded System Directive: org.apache.velocity.runtime.directive.Foreach
2016-05-27 00:30:08,748 - Created '20' parsers.
2016-05-27 00:30:08,748 - Created '20' parsers.
2016-05-27 00:30:08,748 - Velocimacro : "velocimacro.library" is not set.  Trying default library: VM_global_library.vm
2016-05-27 00:30:08,748 - Velocimacro : "velocimacro.library" is not set.  Trying default library: VM_global_library.vm
2016-05-27 00:30:08,748 - Velocimacro : Default library not found.
2016-05-27 00:30:08,748 - Velocimacro : Default library not found.
2016-05-27 00:30:08,748 - Velocimacro : allowInline = true : VMs can be defined inline in templates
2016-05-27 00:30:08,748 - Velocimacro : allowInline = true : VMs can be defined inline in templates
2016-05-27 00:30:08,748 - Velocimacro : allowInlineToOverride = false : VMs defined inline may NOT replace previous VM definitions
2016-05-27 00:30:08,748 - Velocimacro : allowInlineToOverride = false : VMs defined inline may NOT replace previous VM definitions
2016-05-27 00:30:08,748 - Velocimacro : allowInlineLocal = false : VMs defined inline will be global in scope if allowed.
2016-05-27 00:30:08,748 - Velocimacro : allowInlineLocal = false : VMs defined inline will be global in scope if allowed.
2016-05-27 00:30:08,748 - Velocimacro : autoload off : VM system will not automatically reload global library macros
2016-05-27 00:30:08,748 - Velocimacro : autoload off : VM system will not automatically reload global library macros
