2016-05-26 23:26:50,536 - Loaded System Directive: org.apache.velocity.runtime.directive.Foreach
2016-05-26 23:26:50,539 - Created '20' parsers.
2016-05-26 23:26:50,540 - Velocimacro : "velocimacro.library" is not set.  Trying default library: VM_global_library.vm
2016-05-26 23:26:50,540 - Velocimacro : Default library not found.
2016-05-26 23:26:50,540 - Velocimacro : allowInline = true : VMs can be defined inline in templates
2016-05-26 23:26:50,540 - Velocimacro : allowInlineToOverride = false : VMs defined inline may NOT replace previous VM definitions
2016-05-26 23:26:50,541 - Velocimacro : allowInlineLocal = false : VMs defined inline will be global in scope if allowed.
2016-05-26 23:26:50,541 - Velocimacro : autoload off : VM system will not automatically reload global library macros
2016-05-27 02:06:41,186 - Log4JLogChute initialized using file 'velocity.log'
2016-05-27 02:06:41,187 - Initializing Velocity, Calling init()...
2016-05-27 02:06:41,187 - Starting Apache Velocity v1.7 (compiled: 2010-11-19 12:14:37)
2016-05-27 02:06:41,187 - Default Properties File: org/apache/velocity/runtime/defaults/velocity.properties
2016-05-27 02:06:41,187 - Trying to use logger class org.apache.velocity.runtime.log.AvalonLogChute
2016-05-27 02:06:41,187 - Target log system for org.apache.velocity.runtime.log.AvalonLogChute is not available (java.lang.NoClassDefFoundError: org/apache/log/format/Formatter).  Falling back to next log system...
2016-05-27 02:06:41,187 - Trying to use logger class org.apache.velocity.runtime.log.Log4JLogChute
2016-05-27 02:06:41,187 - Using logger class org.apache.velocity.runtime.log.Log4JLogChute
2016-05-27 02:06:41,191 - ResourceLoader instantiated: org.apache.velocity.runtime.resource.loader.StringResourceLoader
2016-05-27 02:06:41,192 - Creating string repository using class org.apache.velocity.runtime.resource.util.StringResourceRepositoryImpl...
2016-05-27 02:06:41,192 - Default repository encoding is UTF-8
2016-05-27 02:06:41,204 - ResourceCache: initialized (class org.apache.velocity.runtime.resource.ResourceCacheImpl) with class java.util.Collections$SynchronizedMap cache map.
2016-05-27 02:06:41,205 - Loaded System Directive: org.apache.velocity.runtime.directive.Stop
2016-05-27 02:06:41,206 - Loaded System Directive: org.apache.velocity.runtime.directive.Define
2016-05-27 02:06:41,207 - Loaded System Directive: org.apache.velocity.runtime.directive.Break
2016-05-27 02:06:41,207 - Loaded System Directive: org.apache.velocity.runtime.directive.Evaluate
2016-05-27 02:06:41,208 - Loaded System Directive: org.apache.velocity.runtime.directive.Literal
2016-05-27 02:06:41,209 - Loaded System Directive: org.apache.velocity.runtime.directive.Macro
2016-05-27 02:06:41,210 - Loaded System Directive: org.apache.velocity.runtime.directive.Parse
2016-05-27 02:06:41,211 - Loaded System Directive: org.apache.velocity.runtime.directive.Include
2016-05-27 02:06:41,212 - Loaded System Directive: org.apache.velocity.runtime.directive.Foreach
2016-05-27 02:06:41,235 - Created '20' parsers.
2016-05-27 02:06:41,239 - Velocimacro : "velocimacro.library" is not set.  Trying default library: VM_global_library.vm
2016-05-27 02:06:41,239 - Velocimacro : Default library not found.
2016-05-27 02:06:41,239 - Velocimacro : allowInline = true : VMs can be defined inline in templates
2016-05-27 02:06:41,239 - Velocimacro : allowInlineToOverride = false : VMs defined inline may NOT replace previous VM definitions
2016-05-27 02:06:41,240 - Velocimacro : allowInlineLocal = false : VMs defined inline will be global in scope if allowed.
2016-05-27 02:06:41,240 - Velocimacro : autoload off : VM system will not automatically reload global library macros
2016-05-27 02:06:41,249 - Log4JLogChute initialized using file 'velocity.log'
2016-05-27 02:06:41,249 - Log4JLogChute initialized using file 'velocity.log'
2016-05-27 02:06:41,249 - Initializing Velocity, Calling init()...
2016-05-27 02:06:41,249 - Initializing Velocity, Calling init()...
2016-05-27 02:06:41,249 - Starting Apache Velocity v1.7 (compiled: 2010-11-19 12:14:37)
2016-05-27 02:06:41,249 - Starting Apache Velocity v1.7 (compiled: 2010-11-19 12:14:37)
2016-05-27 02:06:41,249 - Default Properties File: org/apache/velocity/runtime/defaults/velocity.properties
2016-05-27 02:06:41,249 - Default Properties File: org/apache/velocity/runtime/defaults/velocity.properties
2016-05-27 02:06:41,249 - Trying to use logger class org.apache.velocity.runtime.log.AvalonLogChute
2016-05-27 02:06:41,249 - Trying to use logger class org.apache.velocity.runtime.log.AvalonLogChute
2016-05-27 02:06:41,250 - Target log system for org.apache.velocity.runtime.log.AvalonLogChute is not available (java.lang.NoClassDefFoundError: org/apache/log/format/Formatter).  Falling back to next log system...
2016-05-27 02:06:41,250 - Target log system for org.apache.velocity.runtime.log.AvalonLogChute is not available (java.lang.NoClassDefFoundError: org/apache/log/format/Formatter).  Falling back to next log system...
2016-05-27 02:06:41,250 - Trying to use logger class org.apache.velocity.runtime.log.Log4JLogChute
2016-05-27 02:06:41,250 - Trying to use logger class org.apache.velocity.runtime.log.Log4JLogChute
2016-05-27 02:06:41,250 - Using logger class org.apache.velocity.runtime.log.Log4JLogChute
2016-05-27 02:06:41,250 - Using logger class org.apache.velocity.runtime.log.Log4JLogChute
2016-05-27 02:06:41,250 - ResourceLoader instantiated: org.apache.velocity.runtime.resource.loader.StringResourceLoader
2016-05-27 02:06:41,250 - ResourceLoader instantiated: org.apache.velocity.runtime.resource.loader.StringResourceLoader
2016-05-27 02:06:41,250 - Loaded repository 'org.apache.velocity.runtime.resource.util.StringResourceRepository' from static repo store
2016-05-27 02:06:41,250 - Loaded repository 'org.apache.velocity.runtime.resource.util.StringResourceRepository' from static repo store
2016-05-27 02:06:41,250 - ResourceCache: initialized (class org.apache.velocity.runtime.resource.ResourceCacheImpl) with class java.util.Collections$SynchronizedMap cache map.
2016-05-27 02:06:41,250 - ResourceCache: initialized (class org.apache.velocity.runtime.resource.ResourceCacheImpl) with class java.util.Collections$SynchronizedMap cache map.
2016-05-27 02:06:41,251 - Loaded System Directive: org.apache.velocity.runtime.directive.Stop
2016-05-27 02:06:41,251 - Loaded System Directive: org.apache.velocity.runtime.directive.Stop
2016-05-27 02:06:41,251 - Loaded System Directive: org.apache.velocity.runtime.directive.Define
2016-05-27 02:06:41,251 - Loaded System Directive: org.apache.velocity.runtime.directive.Define
2016-05-27 02:06:41,251 - Loaded System Directive: org.apache.velocity.runtime.directive.Break
2016-05-27 02:06:41,251 - Loaded System Directive: org.apache.velocity.runtime.directive.Break
2016-05-27 02:06:41,251 - Loaded System Directive: org.apache.velocity.runtime.directive.Evaluate
2016-05-27 02:06:41,251 - Loaded System Directive: org.apache.velocity.runtime.directive.Evaluate
2016-05-27 02:06:41,252 - Loaded System Directive: org.apache.velocity.runtime.directive.Literal
2016-05-27 02:06:41,252 - Loaded System Directive: org.apache.velocity.runtime.directive.Literal
2016-05-27 02:06:41,252 - Loaded System Directive: org.apache.velocity.runtime.directive.Macro
2016-05-27 02:06:41,252 - Loaded System Directive: org.apache.velocity.runtime.directive.Macro
2016-05-27 02:06:41,252 - Loaded System Directive: org.apache.velocity.runtime.directive.Parse
2016-05-27 02:06:41,252 - Loaded System Directive: org.apache.velocity.runtime.directive.Parse
2016-05-27 02:06:41,252 - Loaded System Directive: org.apache.velocity.runtime.directive.Include
2016-05-27 02:06:41,252 - Loaded System Directive: org.apache.velocity.runtime.directive.Include
2016-05-27 02:06:41,253 - Loaded System Directive: org.apache.velocity.runtime.directive.Foreach
2016-05-27 02:06:41,253 - Loaded System Directive: org.apache.velocity.runtime.directive.Foreach
2016-05-27 02:06:41,253 - Created '20' parsers.
2016-05-27 02:06:41,253 - Created '20' parsers.
2016-05-27 02:06:41,254 - Velocimacro : "velocimacro.library" is not set.  Trying default library: VM_global_library.vm
2016-05-27 02:06:41,254 - Velocimacro : "velocimacro.library" is not set.  Trying default library: VM_global_library.vm
2016-05-27 02:06:41,254 - Velocimacro : Default library not found.
2016-05-27 02:06:41,254 - Velocimacro : Default library not found.
2016-05-27 02:06:41,254 - Velocimacro : allowInline = true : VMs can be defined inline in templates
2016-05-27 02:06:41,254 - Velocimacro : allowInline = true : VMs can be defined inline in templates
2016-05-27 02:06:41,254 - Velocimacro : allowInlineToOverride = false : VMs defined inline may NOT replace previous VM definitions
2016-05-27 02:06:41,254 - Velocimacro : allowInlineToOverride = false : VMs defined inline may NOT replace previous VM definitions
2016-05-27 02:06:41,254 - Velocimacro : allowInlineLocal = false : VMs defined inline will be global in scope if allowed.
2016-05-27 02:06:41,254 - Velocimacro : allowInlineLocal = false : VMs defined inline will be global in scope if allowed.
2016-05-27 02:06:41,254 - Velocimacro : autoload off : VM system will not automatically reload global library macros
2016-05-27 02:06:41,254 - Velocimacro : autoload off : VM system will not automatically reload global library macros
